<?xml version="1.0" encoding="UTF-8"?>
<!-- Generated by org.testng.reporters.JUnitReportReporter -->
<testsuite skipped="0" hostname="DESKTOP-VFKFQ1J" name="org.selenium.ng.Testngbasics" tests="4" failures="0" timestamp="14 Jul 2019 17:07:03 GMT" time="31.443" errors="0">
  <testcase name="SearchTest" time="8.112" classname="org.selenium.ng.Testngbasics"/>
  <testcase name="LoginTest" time="7.261" classname="org.selenium.ng.Testngbasics"/>
  <testcase name="Test1" time="6.936" classname="org.selenium.ng.Testngbasics"/>
  <testcase name="LoginTest" time="9.134" classname="org.selenium.ng.Testngbasics"/>
</testsuite> <!-- org.selenium.ng.Testngbasics -->
