<?xml version="1.0" encoding="UTF-8"?>
<!-- Generated by org.testng.reporters.JUnitReportReporter -->
<testsuite skipped="0" hostname="DESKTOP-VFKFQ1J" name="org.selenium.ng.InvocationCount" tests="10" failures="0" timestamp="14 Jul 2019 17:07:03 GMT" time="0.022" errors="0">
  <testcase name="TestCount" time="0.003" classname="org.selenium.ng.InvocationCount"/>
  <testcase name="TestCount" time="0.002" classname="org.selenium.ng.InvocationCount"/>
  <testcase name="TestCount" time="0.002" classname="org.selenium.ng.InvocationCount"/>
  <testcase name="TestCount" time="0.002" classname="org.selenium.ng.InvocationCount"/>
  <testcase name="TestCount" time="0.002" classname="org.selenium.ng.InvocationCount"/>
  <testcase name="TestCount" time="0.002" classname="org.selenium.ng.InvocationCount"/>
  <testcase name="TestCount" time="0.003" classname="org.selenium.ng.InvocationCount"/>
  <testcase name="TestCount" time="0.001" classname="org.selenium.ng.InvocationCount"/>
  <testcase name="TestCount" time="0.001" classname="org.selenium.ng.InvocationCount"/>
  <testcase name="TestCount" time="0.004" classname="org.selenium.ng.InvocationCount"/>
</testsuite> <!-- org.selenium.ng.InvocationCount -->
