<?xml version="1.0" encoding="UTF-8"?>
<!-- Generated by org.testng.reporters.JUnitReportReporter -->
<testsuite skipped="1" hostname="DESKTOP-VFKFQ1J" name="org.selenium.ng.GmailTest" tests="1" failures="0" timestamp="21 Jul 2019 05:50:13 GMT" time="0.000" errors="0">
  <testcase name="dataproviderTest" time="0.000" classname="org.selenium.ng.GmailTest">
    <skipped/>
  </testcase> <!-- dataproviderTest -->
</testsuite> <!-- org.selenium.ng.GmailTest -->
