<?xml version="1.0" encoding="UTF-8"?>
<!-- Generated by org.testng.reporters.JUnitReportReporter -->
<testsuite skipped="0" hostname="DESKTOP-VFKFQ1J" name="org.selenium.ng.ExceptionTimeOut" tests="1" failures="0" timestamp="14 Jul 2019 17:07:03 GMT" time="0.015" errors="0">
  <testcase name="Test" time="0.015" classname="org.selenium.ng.ExceptionTimeOut"/>
</testsuite> <!-- org.selenium.ng.ExceptionTimeOut -->
